<?xml version="1.0" encoding="UTF-8"?>
<testsuite name="tracker.SampleTest" tests="1" skipped="0" failures="0" errors="0" timestamp="2022-07-11T14:01:53" hostname="LAPTOP-VBFHQFG2" time="0.011">
  <properties/>
  <testcase name="test()" classname="tracker.SampleTest" time="0.011"/>
  <system-out><![CDATA[]]></system-out>
  <system-err><![CDATA[]]></system-err>
</testsuite>
